app/build/intermediates/manifest_merge_blame_file/debug/manifest-merger-blame-debug-report.txt
1<?xml version="1.0" encoding="utf-8"?>
2<manifest xmlns:android="http://schemas.android.com/apk/res/android"
3    package="com.example.restaurent"
4    android:versionCode="1"
5    android:versionName="1.0" >
6
7    <uses-sdk
8        android:minSdkVersion="21"
8-->src\main\AndroidManifest.xml
9        android:targetSdkVersion="32" />
9-->src\main\AndroidManifest.xml
10
11    <uses-permission android:name="android.permission.INTERNET" />
11-->src\main\AndroidManifest.xml:5:5-67
11-->src\main\AndroidManifest.xml:5:22-64
12    <uses-permission android:name="android.permission.ACCESS_NETWORK_STATE" />
12-->src\main\AndroidManifest.xml:6:5-79
12-->src\main\AndroidManifest.xml:6:22-76
13    <uses-permission android:name="android.permission.ACCESS_WIFI_STATE" />
13-->src\main\AndroidManifest.xml:7:5-76
13-->src\main\AndroidManifest.xml:7:22-73
14
15    <application
15-->src\main\AndroidManifest.xml:9:5-47:19
16        android:allowBackup="true"
16-->src\main\AndroidManifest.xml:10:9-35
17        android:appComponentFactory="androidx.core.app.CoreComponentFactory"
17-->[androidx.core:core:1.7.0] AndroidManifest.xml:24:18-86
18        android:debuggable="true"
19        android:icon="@mipmap/ic_launcher"
19-->src\main\AndroidManifest.xml:11:9-43
20        android:label="@string/app_name"
20-->src\main\AndroidManifest.xml:12:9-41
21        android:roundIcon="@mipmap/ic_launcher_round"
21-->src\main\AndroidManifest.xml:13:9-54
22        android:supportsRtl="true"
22-->src\main\AndroidManifest.xml:14:9-35
23        android:testOnly="true"
24        android:theme="@style/Theme.Restaurent" >
24-->src\main\AndroidManifest.xml:15:9-48
25        <activity
25-->src\main\AndroidManifest.xml:16:9-20:55
26            android:name="com.example.restaurent.screen.OrderPlaceActivity"
26-->src\main\AndroidManifest.xml:17:13-54
27            android:exported="false"
27-->src\main\AndroidManifest.xml:18:13-37
28            android:label="@string/title_activity_order_place"
28-->src\main\AndroidManifest.xml:19:13-63
29            android:theme="@style/Theme.Restaurent" />
29-->src\main\AndroidManifest.xml:20:13-52
30        <activity
30-->src\main\AndroidManifest.xml:21:9-25:55
31            android:name="com.example.restaurent.screen.ListActivity"
31-->src\main\AndroidManifest.xml:22:13-48
32            android:exported="false"
32-->src\main\AndroidManifest.xml:23:13-37
33            android:label="@string/title_activity_list"
33-->src\main\AndroidManifest.xml:24:13-56
34            android:theme="@style/Theme.Restaurent" />
34-->src\main\AndroidManifest.xml:25:13-52
35        <activity
35-->src\main\AndroidManifest.xml:26:9-30:55
36            android:name="com.example.restaurent.screen.CartActivity"
36-->src\main\AndroidManifest.xml:27:13-48
37            android:exported="false"
37-->src\main\AndroidManifest.xml:28:13-37
38            android:label="@string/title_activity_cart"
38-->src\main\AndroidManifest.xml:29:13-56
39            android:theme="@style/Theme.Restaurent" />
39-->src\main\AndroidManifest.xml:30:13-52
40        <activity
40-->src\main\AndroidManifest.xml:31:9-35:55
41            android:name="com.example.restaurent.screen.ItemDetails"
41-->src\main\AndroidManifest.xml:32:13-47
42            android:exported="false"
42-->src\main\AndroidManifest.xml:33:13-37
43            android:label="@string/title_activity_item_details"
43-->src\main\AndroidManifest.xml:34:13-64
44            android:theme="@style/Theme.Restaurent" />
44-->src\main\AndroidManifest.xml:35:13-52
45        <activity
45-->src\main\AndroidManifest.xml:36:9-46:20
46            android:name="com.example.restaurent.MainActivity"
46-->src\main\AndroidManifest.xml:37:13-41
47            android:exported="true"
47-->src\main\AndroidManifest.xml:38:13-36
48            android:label="@string/app_name"
48-->src\main\AndroidManifest.xml:39:13-45
49            android:theme="@style/Theme.Restaurent" >
49-->src\main\AndroidManifest.xml:40:13-52
50            <intent-filter>
50-->src\main\AndroidManifest.xml:41:13-45:29
51                <action android:name="android.intent.action.MAIN" />
51-->src\main\AndroidManifest.xml:42:17-69
51-->src\main\AndroidManifest.xml:42:25-66
52
53                <category android:name="android.intent.category.LAUNCHER" />
53-->src\main\AndroidManifest.xml:44:17-77
53-->src\main\AndroidManifest.xml:44:27-74
54            </intent-filter>
55        </activity>
56        <activity
56-->[androidx.compose.ui:ui-tooling:1.0.1] AndroidManifest.xml:25:9-27:39
57            android:name="androidx.compose.ui.tooling.PreviewActivity"
57-->[androidx.compose.ui:ui-tooling:1.0.1] AndroidManifest.xml:26:13-71
58            android:exported="true" />
58-->[androidx.compose.ui:ui-tooling:1.0.1] AndroidManifest.xml:27:13-36
59
60        <service
60-->[com.google.firebase:firebase-firestore-ktx:24.1.0] AndroidManifest.xml:12:9-18:19
61            android:name="com.google.firebase.components.ComponentDiscoveryService"
61-->[com.google.firebase:firebase-firestore-ktx:24.1.0] AndroidManifest.xml:13:13-84
62            android:directBootAware="true"
62-->[com.google.firebase:firebase-common:20.1.0] AndroidManifest.xml:35:13-43
63            android:exported="false" >
63-->[com.google.firebase:firebase-firestore-ktx:24.1.0] AndroidManifest.xml:14:13-37
64            <meta-data
64-->[com.google.firebase:firebase-firestore-ktx:24.1.0] AndroidManifest.xml:15:13-17:85
65                android:name="com.google.firebase.components:com.google.firebase.firestore.ktx.FirebaseFirestoreKtxRegistrar"
65-->[com.google.firebase:firebase-firestore-ktx:24.1.0] AndroidManifest.xml:16:17-126
66                android:value="com.google.firebase.components.ComponentRegistrar" />
66-->[com.google.firebase:firebase-firestore-ktx:24.1.0] AndroidManifest.xml:17:17-82
67            <meta-data
67-->[com.google.firebase:firebase-firestore:24.1.0] AndroidManifest.xml:20:13-22:85
68                android:name="com.google.firebase.components:com.google.firebase.firestore.FirestoreRegistrar"
68-->[com.google.firebase:firebase-firestore:24.1.0] AndroidManifest.xml:21:17-111
69                android:value="com.google.firebase.components.ComponentRegistrar" />
69-->[com.google.firebase:firebase-firestore:24.1.0] AndroidManifest.xml:22:17-82
70            <meta-data
70-->[com.google.firebase:firebase-auth-ktx:21.0.3] AndroidManifest.xml:11:13-13:85
71                android:name="com.google.firebase.components:com.google.firebase.auth.ktx.FirebaseAuthKtxRegistrar"
71-->[com.google.firebase:firebase-auth-ktx:21.0.3] AndroidManifest.xml:12:17-116
72                android:value="com.google.firebase.components.ComponentRegistrar" />
72-->[com.google.firebase:firebase-auth-ktx:21.0.3] AndroidManifest.xml:13:17-82
73            <meta-data
73-->[com.google.firebase:firebase-database-ktx:20.0.4] AndroidManifest.xml:15:13-17:85
74                android:name="com.google.firebase.components:com.google.firebase.database.ktx.FirebaseDatabaseKtxRegistrar"
74-->[com.google.firebase:firebase-database-ktx:20.0.4] AndroidManifest.xml:16:17-124
75                android:value="com.google.firebase.components.ComponentRegistrar" />
75-->[com.google.firebase:firebase-database-ktx:20.0.4] AndroidManifest.xml:17:17-82
76            <meta-data
76-->[com.google.firebase:firebase-auth:21.0.3] AndroidManifest.xml:67:13-69:85
77                android:name="com.google.firebase.components:com.google.firebase.auth.FirebaseAuthRegistrar"
77-->[com.google.firebase:firebase-auth:21.0.3] AndroidManifest.xml:68:17-109
78                android:value="com.google.firebase.components.ComponentRegistrar" />
78-->[com.google.firebase:firebase-auth:21.0.3] AndroidManifest.xml:69:17-82
79            <meta-data
79-->[com.google.firebase:firebase-common-ktx:20.1.0] AndroidManifest.xml:15:13-17:85
80                android:name="com.google.firebase.components:com.google.firebase.ktx.FirebaseCommonKtxRegistrar"
80-->[com.google.firebase:firebase-common-ktx:20.1.0] AndroidManifest.xml:16:17-113
81                android:value="com.google.firebase.components.ComponentRegistrar" />
81-->[com.google.firebase:firebase-common-ktx:20.1.0] AndroidManifest.xml:17:17-82
82            <meta-data
82-->[com.google.firebase:firebase-database:20.0.4] AndroidManifest.xml:32:13-34:85
83                android:name="com.google.firebase.components:com.google.firebase.database.DatabaseRegistrar"
83-->[com.google.firebase:firebase-database:20.0.4] AndroidManifest.xml:33:17-109
84                android:value="com.google.firebase.components.ComponentRegistrar" />
84-->[com.google.firebase:firebase-database:20.0.4] AndroidManifest.xml:34:17-82
85        </service>
86
87        <activity
87-->[com.google.android.gms:play-services-auth:19.0.0] AndroidManifest.xml:23:9-27:75
88            android:name="com.google.android.gms.auth.api.signin.internal.SignInHubActivity"
88-->[com.google.android.gms:play-services-auth:19.0.0] AndroidManifest.xml:24:13-93
89            android:excludeFromRecents="true"
89-->[com.google.android.gms:play-services-auth:19.0.0] AndroidManifest.xml:25:13-46
90            android:exported="false"
90-->[com.google.android.gms:play-services-auth:19.0.0] AndroidManifest.xml:26:13-37
91            android:theme="@android:style/Theme.Translucent.NoTitleBar" />
91-->[com.google.android.gms:play-services-auth:19.0.0] AndroidManifest.xml:27:13-72
92        <!--
93            Service handling Google Sign-In user revocation. For apps that do not integrate with
94            Google Sign-In, this service will never be started.
95        -->
96        <service
96-->[com.google.android.gms:play-services-auth:19.0.0] AndroidManifest.xml:33:9-37:51
97            android:name="com.google.android.gms.auth.api.signin.RevocationBoundService"
97-->[com.google.android.gms:play-services-auth:19.0.0] AndroidManifest.xml:34:13-89
98            android:exported="true"
98-->[com.google.android.gms:play-services-auth:19.0.0] AndroidManifest.xml:35:13-36
99            android:permission="com.google.android.gms.auth.api.signin.permission.REVOCATION_NOTIFICATION"
99-->[com.google.android.gms:play-services-auth:19.0.0] AndroidManifest.xml:36:13-107
100            android:visibleToInstantApps="true" />
100-->[com.google.android.gms:play-services-auth:19.0.0] AndroidManifest.xml:37:13-48
101
102        <activity
102-->[com.google.firebase:firebase-auth:21.0.3] AndroidManifest.xml:27:9-44:20
103            android:name="com.google.firebase.auth.internal.GenericIdpActivity"
103-->[com.google.firebase:firebase-auth:21.0.3] AndroidManifest.xml:28:13-80
104            android:excludeFromRecents="true"
104-->[com.google.firebase:firebase-auth:21.0.3] AndroidManifest.xml:29:13-46
105            android:exported="true"
105-->[com.google.firebase:firebase-auth:21.0.3] AndroidManifest.xml:30:13-36
106            android:launchMode="singleTask"
106-->[com.google.firebase:firebase-auth:21.0.3] AndroidManifest.xml:31:13-44
107            android:theme="@android:style/Theme.Translucent.NoTitleBar" >
107-->[com.google.firebase:firebase-auth:21.0.3] AndroidManifest.xml:32:13-72
108            <intent-filter>
108-->[com.google.firebase:firebase-auth:21.0.3] AndroidManifest.xml:33:13-43:29
109                <action android:name="android.intent.action.VIEW" />
109-->[com.google.firebase:firebase-auth:21.0.3] AndroidManifest.xml:34:17-69
109-->[com.google.firebase:firebase-auth:21.0.3] AndroidManifest.xml:34:25-66
110
111                <category android:name="android.intent.category.DEFAULT" />
111-->[com.google.firebase:firebase-auth:21.0.3] AndroidManifest.xml:36:17-76
111-->[com.google.firebase:firebase-auth:21.0.3] AndroidManifest.xml:36:27-73
112                <category android:name="android.intent.category.BROWSABLE" />
112-->[com.google.firebase:firebase-auth:21.0.3] AndroidManifest.xml:37:17-78
112-->[com.google.firebase:firebase-auth:21.0.3] AndroidManifest.xml:37:27-75
113
114                <data
114-->[com.google.firebase:firebase-auth:21.0.3] AndroidManifest.xml:39:17-42:51
115                    android:host="firebase.auth"
115-->[com.google.firebase:firebase-auth:21.0.3] AndroidManifest.xml:40:21-49
116                    android:path="/"
116-->[com.google.firebase:firebase-auth:21.0.3] AndroidManifest.xml:41:21-37
117                    android:scheme="genericidp" />
117-->[com.google.firebase:firebase-auth:21.0.3] AndroidManifest.xml:42:21-48
118            </intent-filter>
119        </activity>
120        <activity
120-->[com.google.firebase:firebase-auth:21.0.3] AndroidManifest.xml:45:9-62:20
121            android:name="com.google.firebase.auth.internal.RecaptchaActivity"
121-->[com.google.firebase:firebase-auth:21.0.3] AndroidManifest.xml:46:13-79
122            android:excludeFromRecents="true"
122-->[com.google.firebase:firebase-auth:21.0.3] AndroidManifest.xml:47:13-46
123            android:exported="true"
123-->[com.google.firebase:firebase-auth:21.0.3] AndroidManifest.xml:48:13-36
124            android:launchMode="singleTask"
124-->[com.google.firebase:firebase-auth:21.0.3] AndroidManifest.xml:49:13-44
125            android:theme="@android:style/Theme.Translucent.NoTitleBar" >
125-->[com.google.firebase:firebase-auth:21.0.3] AndroidManifest.xml:50:13-72
126            <intent-filter>
126-->[com.google.firebase:firebase-auth:21.0.3] AndroidManifest.xml:51:13-61:29
127                <action android:name="android.intent.action.VIEW" />
127-->[com.google.firebase:firebase-auth:21.0.3] AndroidManifest.xml:34:17-69
127-->[com.google.firebase:firebase-auth:21.0.3] AndroidManifest.xml:34:25-66
128
129                <category android:name="android.intent.category.DEFAULT" />
129-->[com.google.firebase:firebase-auth:21.0.3] AndroidManifest.xml:36:17-76
129-->[com.google.firebase:firebase-auth:21.0.3] AndroidManifest.xml:36:27-73
130                <category android:name="android.intent.category.BROWSABLE" />
130-->[com.google.firebase:firebase-auth:21.0.3] AndroidManifest.xml:37:17-78
130-->[com.google.firebase:firebase-auth:21.0.3] AndroidManifest.xml:37:27-75
131
132                <data
132-->[com.google.firebase:firebase-auth:21.0.3] AndroidManifest.xml:39:17-42:51
133                    android:host="firebase.auth"
133-->[com.google.firebase:firebase-auth:21.0.3] AndroidManifest.xml:40:21-49
134                    android:path="/"
134-->[com.google.firebase:firebase-auth:21.0.3] AndroidManifest.xml:41:21-37
135                    android:scheme="recaptcha" />
135-->[com.google.firebase:firebase-auth:21.0.3] AndroidManifest.xml:42:21-48
136            </intent-filter>
137        </activity>
138
139        <provider
139-->[com.google.firebase:firebase-common:20.1.0] AndroidManifest.xml:26:9-31:39
140            android:name="com.google.firebase.provider.FirebaseInitProvider"
140-->[com.google.firebase:firebase-common:20.1.0] AndroidManifest.xml:27:13-77
141            android:authorities="com.example.restaurent.firebaseinitprovider"
141-->[com.google.firebase:firebase-common:20.1.0] AndroidManifest.xml:28:13-72
142            android:directBootAware="true"
142-->[com.google.firebase:firebase-common:20.1.0] AndroidManifest.xml:29:13-43
143            android:exported="false"
143-->[com.google.firebase:firebase-common:20.1.0] AndroidManifest.xml:30:13-37
144            android:initOrder="100" />
144-->[com.google.firebase:firebase-common:20.1.0] AndroidManifest.xml:31:13-36
145
146        <activity
146-->[com.google.android.gms:play-services-base:18.0.1] AndroidManifest.xml:20:9-22:45
147            android:name="com.google.android.gms.common.api.GoogleApiActivity"
147-->[com.google.android.gms:play-services-base:18.0.1] AndroidManifest.xml:20:19-85
148            android:exported="false"
148-->[com.google.android.gms:play-services-base:18.0.1] AndroidManifest.xml:22:19-43
149            android:theme="@android:style/Theme.Translucent.NoTitleBar" />
149-->[com.google.android.gms:play-services-base:18.0.1] AndroidManifest.xml:21:19-78
150
151        <meta-data
151-->[com.google.android.gms:play-services-basement:18.0.0] AndroidManifest.xml:21:9-23:69
152            android:name="com.google.android.gms.version"
152-->[com.google.android.gms:play-services-basement:18.0.0] AndroidManifest.xml:22:13-58
153            android:value="@integer/google_play_services_version" />
153-->[com.google.android.gms:play-services-basement:18.0.0] AndroidManifest.xml:23:13-66
154
155        <provider
155-->[androidx.profileinstaller:profileinstaller:1.1.0] AndroidManifest.xml:26:9-34:20
156            android:name="androidx.startup.InitializationProvider"
156-->[androidx.profileinstaller:profileinstaller:1.1.0] AndroidManifest.xml:27:13-67
157            android:authorities="com.example.restaurent.androidx-startup"
157-->[androidx.profileinstaller:profileinstaller:1.1.0] AndroidManifest.xml:28:13-68
158            android:exported="false" >
158-->[androidx.profileinstaller:profileinstaller:1.1.0] AndroidManifest.xml:29:13-37
159            <meta-data
159-->[androidx.profileinstaller:profileinstaller:1.1.0] AndroidManifest.xml:31:13-33:52
160                android:name="androidx.profileinstaller.ProfileInstallerInitializer"
160-->[androidx.profileinstaller:profileinstaller:1.1.0] AndroidManifest.xml:32:17-85
161                android:value="androidx.startup" />
161-->[androidx.profileinstaller:profileinstaller:1.1.0] AndroidManifest.xml:33:17-49
162        </provider>
163
164        <receiver
164-->[androidx.profileinstaller:profileinstaller:1.1.0] AndroidManifest.xml:36:9-45:20
165            android:name="androidx.profileinstaller.ProfileInstallReceiver"
165-->[androidx.profileinstaller:profileinstaller:1.1.0] AndroidManifest.xml:37:13-76
166            android:directBootAware="false"
166-->[androidx.profileinstaller:profileinstaller:1.1.0] AndroidManifest.xml:38:13-44
167            android:enabled="true"
167-->[androidx.profileinstaller:profileinstaller:1.1.0] AndroidManifest.xml:39:13-35
168            android:exported="true"
168-->[androidx.profileinstaller:profileinstaller:1.1.0] AndroidManifest.xml:40:13-36
169            android:permission="android.permission.DUMP" >
169-->[androidx.profileinstaller:profileinstaller:1.1.0] AndroidManifest.xml:41:13-57
170            <intent-filter>
170-->[androidx.profileinstaller:profileinstaller:1.1.0] AndroidManifest.xml:42:13-44:29
171                <action android:name="androidx.profileinstaller.action.INSTALL_PROFILE" />
171-->[androidx.profileinstaller:profileinstaller:1.1.0] AndroidManifest.xml:43:17-91
171-->[androidx.profileinstaller:profileinstaller:1.1.0] AndroidManifest.xml:43:25-88
172            </intent-filter>
173        </receiver>
174    </application>
175
176</manifest>